<?xml version="1.0" encoding="UTF-8"?>
<!-- Generated by org.testng.reporters.JUnitReportReporter -->
<testsuite skipped="0" hostname="TYC1121776Adi-PC" name="purchaseOrderModule.TC_16Test" tests="1" failures="0" timestamp="2022-02-03T09:26:33 IST" time="22.859" errors="0">
  <testcase name="PurchaseOrderAndStatusAsApproved" time="22.859" classname="purchaseOrderModule.TC_16Test"/>
  <system-out/>
</testsuite> <!-- purchaseOrderModule.TC_16Test -->
