<?xml version="1.0" encoding="UTF-8"?>
<!-- Generated by org.testng.reporters.JUnitReportReporter -->
<testsuite skipped="0" hostname="TYC1121776Adi-PC" name="purchaseOrderModule.TC_20Test" tests="1" failures="0" timestamp="2022-02-03T09:07:43 IST" time="7.909" errors="0">
  <testcase name="PurchaseOrderAndStatusAsReceviedShipment" time="7.909" classname="purchaseOrderModule.TC_20Test"/>
  <system-out/>
</testsuite> <!-- purchaseOrderModule.TC_20Test -->
