<?xml version="1.0" encoding="UTF-8"?>
<!-- Generated by org.testng.reporters.JUnitReportReporter -->
<testsuite skipped="0" hostname="TYC1121776Adi-PC" name="purchaseOrderModule.TC_16Test" tests="1" failures="0" timestamp="2022-02-01T16:29:34 IST" time="6.175" errors="0">
  <testcase name="PurchaseOrderAndStatusAsApproved" time="6.175" classname="purchaseOrderModule.TC_16Test"/>
  <system-out/>
</testsuite> <!-- purchaseOrderModule.TC_16Test -->
