<?xml version="1.0" encoding="UTF-8"?>
<!-- Generated by org.testng.reporters.JUnitReportReporter -->
<testsuite skipped="0" hostname="TYC1121776Adi-PC" name="purchaseOrderModule.TC_17Test" tests="1" failures="0" timestamp="2022-02-01T14:49:35 IST" time="19.772" errors="0">
  <testcase name="PurchaseOrderAndStatusAsCreated" time="19.772" classname="purchaseOrderModule.TC_17Test"/>
  <system-out/>
</testsuite> <!-- purchaseOrderModule.TC_17Test -->
