<?xml version="1.0" encoding="UTF-8"?>
<!-- Generated by org.testng.reporters.JUnitReportReporter -->
<testsuite skipped="0" hostname="TYC1121776Adi-PC" name="purchaseOrderModule.TC_18Test" tests="1" failures="0" timestamp="2022-02-06T08:10:24 IST" time="17.283" errors="0">
  <testcase name="PurchaseOrderAndStatusAsDelivered" time="17.283" classname="purchaseOrderModule.TC_18Test"/>
  <system-out/>
</testsuite> <!-- purchaseOrderModule.TC_18Test -->
