<?xml version="1.0" encoding="UTF-8"?>
<!-- Generated by org.testng.reporters.JUnitReportReporter -->
<testsuite skipped="0" hostname="TYC1121776Adi-PC" name="purchaseOrderModule.TC_20Test" tests="1" failures="0" timestamp="2022-02-01T16:07:24 IST" time="19.477" errors="0">
  <testcase name="PurchaseOrderAndStatusAsReceviedShipment" time="19.477" classname="purchaseOrderModule.TC_20Test"/>
  <system-out/>
</testsuite> <!-- purchaseOrderModule.TC_20Test -->
